<?xml version="1.0" encoding="UTF-8"?>
<!-- Generated by org.testng.reporters.JUnitReportReporter -->
<testsuite hostname="MacR.hi.inet" name="es.ricardo.selenium.TesNGExample" tests="3" failures="0" timestamp="4 Mar 2015 10:27:56 GMT" time="0.019" errors="0">
  <testcase name="testCase03" time="0.006" classname="es.ricardo.selenium.TesNGExample"/>
  <testcase name="testCase01" time="0.010" classname="es.ricardo.selenium.TesNGExample"/>
  <testcase name="testCase02" time="0.003" classname="es.ricardo.selenium.TesNGExample"/>
</testsuite> <!-- es.ricardo.selenium.TesNGExample -->
